[debug] [2021-05-05T15:47:17.261Z] ----------------------------------------------------------------------
[debug] [2021-05-05T15:47:17.265Z] Command:       C:\Program Files\nodejs\node.exe C:\Users\dinok\AppData\Roaming\npm\node_modules\firebase-tools\lib\bin\firebase.js deploy --only hosting:automatizace
[debug] [2021-05-05T15:47:17.265Z] CLI Version:   9.10.0
[debug] [2021-05-05T15:47:17.265Z] Platform:      win32
[debug] [2021-05-05T15:47:17.265Z] Node Version:  v12.19.0
[debug] [2021-05-05T15:47:17.268Z] Time:          Wed May 05 2021 17:47:17 GMT+0200 (GMT+02:00)
[debug] [2021-05-05T15:47:17.269Z] ----------------------------------------------------------------------
[debug] 
[debug] [2021-05-05T15:47:17.294Z] > command requires scopes: ["email","openid","https://www.googleapis.com/auth/cloudplatformprojects.readonly","https://www.googleapis.com/auth/firebase","https://www.googleapis.com/auth/cloud-platform"]
[debug] [2021-05-05T15:47:17.294Z] > authorizing via signed-in user (petrmarek2733@gmail.com)
[debug] [2021-05-05T15:47:17.294Z] [iam] checking project home-automation-80eec for permissions ["firebase.projects.get","firebasehosting.sites.update"]
[debug] [2021-05-05T15:47:17.297Z] > refreshing access token with scopes: ["email","https://www.googleapis.com/auth/cloud-platform","https://www.googleapis.com/auth/cloudplatformprojects.readonly","https://www.googleapis.com/auth/firebase","openid"]
[debug] [2021-05-05T15:47:17.297Z] >>> HTTP REQUEST POST https://www.googleapis.com/oauth2/v3/token  
 <request body omitted>
[debug] [2021-05-05T15:47:17.441Z] <<< HTTP RESPONSE 200 {"date":"Wed, 05 May 2021 15:47:18 GMT","expires":"Mon, 01 Jan 1990 00:00:00 GMT","cache-control":"no-cache, no-store, max-age=0, must-revalidate","pragma":"no-cache","content-type":"application/json; charset=utf-8","vary":"X-Origin, Referer, Origin,Accept-Encoding","server":"scaffolding on HTTPServer2","x-xss-protection":"0","x-frame-options":"SAMEORIGIN","x-content-type-options":"nosniff","alt-svc":"h3-29=\":443\"; ma=2592000,h3-T051=\":443\"; ma=2592000,h3-Q050=\":443\"; ma=2592000,h3-Q046=\":443\"; ma=2592000,h3-Q043=\":443\"; ma=2592000,quic=\":443\"; ma=2592000; v=\"46,43\"","accept-ranges":"none","transfer-encoding":"chunked"}
[debug] [2021-05-05T15:47:17.455Z] >>> HTTP REQUEST POST https://cloudresourcemanager.googleapis.com/v1/projects/home-automation-80eec:testIamPermissions  
 {"permissions":["firebase.projects.get","firebasehosting.sites.update"]}
[debug] [2021-05-05T15:47:18.245Z] <<< HTTP RESPONSE 200 {"content-type":"application/json; charset=UTF-8","vary":"X-Origin, Referer, Origin,Accept-Encoding","date":"Wed, 05 May 2021 15:47:19 GMT","server":"ESF","cache-control":"private","x-xss-protection":"0","x-frame-options":"SAMEORIGIN","x-content-type-options":"nosniff","server-timing":"gfet4t7; dur=730","alt-svc":"h3-29=\":443\"; ma=2592000,h3-T051=\":443\"; ma=2592000,h3-Q050=\":443\"; ma=2592000,h3-Q046=\":443\"; ma=2592000,h3-Q043=\":443\"; ma=2592000,quic=\":443\"; ma=2592000; v=\"46,43\"","accept-ranges":"none","transfer-encoding":"chunked"}
[debug] [2021-05-05T15:47:18.246Z] [iam] error while checking permissions, command may fail: FirebaseError: Authorization failed. This account is missing the following required permissions on project home-automation-80eec:

  firebase.projects.get
  firebasehosting.sites.update
[debug] [2021-05-05T15:47:18.247Z] > refreshing access token with scopes: []
[debug] [2021-05-05T15:47:18.248Z] >>> HTTP REQUEST POST https://www.googleapis.com/oauth2/v3/token  
 <request body omitted>
[debug] [2021-05-05T15:47:18.345Z] <<< HTTP RESPONSE 200 {"date":"Wed, 05 May 2021 15:47:19 GMT","cache-control":"no-cache, no-store, max-age=0, must-revalidate","expires":"Mon, 01 Jan 1990 00:00:00 GMT","pragma":"no-cache","content-type":"application/json; charset=utf-8","vary":"X-Origin, Referer, Origin,Accept-Encoding","server":"scaffolding on HTTPServer2","x-xss-protection":"0","x-frame-options":"SAMEORIGIN","x-content-type-options":"nosniff","alt-svc":"h3-29=\":443\"; ma=2592000,h3-T051=\":443\"; ma=2592000,h3-Q050=\":443\"; ma=2592000,h3-Q046=\":443\"; ma=2592000,h3-Q043=\":443\"; ma=2592000,quic=\":443\"; ma=2592000; v=\"46,43\"","accept-ranges":"none","transfer-encoding":"chunked"}
[debug] [2021-05-05T15:47:18.375Z] >>> [apiv2][query] GET https://firebase.googleapis.com/v1beta1/projects/home-automation-80eec [none]
[debug] [2021-05-05T15:47:18.711Z] <<< [apiv2][status] GET https://firebase.googleapis.com/v1beta1/projects/home-automation-80eec 403
[debug] [2021-05-05T15:47:18.711Z] <<< [apiv2][body] GET https://firebase.googleapis.com/v1beta1/projects/home-automation-80eec {"error":{"code":403,"message":"The caller does not have permission","status":"PERMISSION_DENIED"}}
[debug] [2021-05-05T15:47:18.711Z] HTTP Error: 403, The caller does not have permission
[debug] [2021-05-05T15:47:18.713Z] FirebaseError: HTTP Error: 403, The caller does not have permission
    at module.exports (C:\Users\dinok\AppData\Roaming\npm\node_modules\firebase-tools\lib\responseToError.js:38:12)
    at Client.doRequest (C:\Users\dinok\AppData\Roaming\npm\node_modules\firebase-tools\lib\apiv2.js:238:23)
    at processTicksAndRejections (internal/process/task_queues.js:97:5)
    at async Client.request (C:\Users\dinok\AppData\Roaming\npm\node_modules\firebase-tools\lib\apiv2.js:96:20)
    at async Object.getFirebaseProject (C:\Users\dinok\AppData\Roaming\npm\node_modules\firebase-tools\lib\management\projects.js:290:21)
    at async Object.getDefaultHostingSite (C:\Users\dinok\AppData\Roaming\npm\node_modules\firebase-tools\lib\getDefaultHostingSite.js:8:21)
    at async requireHostingSite (C:\Users\dinok\AppData\Roaming\npm\node_modules\firebase-tools\lib\requireHostingSite.js:9:18)
    at async Object.fn (C:\Users\dinok\AppData\Roaming\npm\node_modules\firebase-tools\lib\commands\deploy.js:66:9)
    at async C:\Users\dinok\AppData\Roaming\npm\node_modules\firebase-tools\lib\command.js:169:17
[error] 
[error] Error: Failed to get Firebase project home-automation-80eec. Please make sure the project exists and your account has permission to access it.
